<?xml version="1.0" encoding="UTF-8"?>
<testng-results ignored="0" total="1" passed="1" failed="0" skipped="0">
  <reporter-output>
  </reporter-output>
  <suite started-at="2022-01-18T18:26:46 IST" name="Default suite" finished-at="2022-01-18T18:26:47 IST" duration-ms="1250">
    <groups>
    </groups>
    <test started-at="2022-01-18T18:26:46 IST" name="Default test" finished-at="2022-01-18T18:26:47 IST" duration-ms="1250">
      <class name="TestNG_Script.ApiAutomation">
        <test-method signature="runScript()[pri:0, instance:TestNG_Script.ApiAutomation@2abf4075]" started-at="2022-01-18T18:26:46 IST" name="runScript" finished-at="2022-01-18T18:26:47 IST" duration-ms="1218" status="PASS">
          <reporter-output>
          </reporter-output>
        </test-method> <!-- runScript -->
      </class> <!-- TestNG_Script.ApiAutomation -->
    </test> <!-- Default test -->
  </suite> <!-- Default suite -->
</testng-results>
